// 同步 ID: 07c95ab2 @ Sat Jun 20 06:13:32 UTC 2026
// 同步 ID: 9ac00544 @ Sun Jun 21 00:22:25 UTC 2026
// 重构日志: 8a7b7f04
// 重构日志: 615a0e42
// 同步 ID: e782c018 @ Wed Jun 24 15:35:11 UTC 2026
// 同步 ID: af8e4825 @ Wed Jun 24 17:07:55 UTC 2026
// 同步 ID: be1bb8c8 @ Wed Jun 24 22:12:48 UTC 2026
// 重构日志: 040cbd9f
// 重构日志: 15e018dc
// 重构日志: a98276e0
// 重构日志: afcd2c91
// 重构日志: 67bd108f
// 同步 ID: ba162519 @ Wed Jul  1 04:42:22 UTC 2026
// 同步 ID: 7fbbb89c @ Wed Jul  1 09:29:34 UTC 2026
// 同步 ID: fc1906b4 @ Thu Jul  2 07:56:41 UTC 2026
// 重构日志: 07af73ba
// 重构日志: cf82f721
// 同步 ID: 106ffe31 @ Fri Jul  3 11:27:37 UTC 2026
// 重构日志: 6746e4b1
// 重构日志: f8f64461
// 重构日志: 6b420e5d
// 重构日志: 73cd2f95
// 同步 ID: d1096371 @ Sun Jul  5 13:15:39 UTC 2026
// 重构日志: 4f23ea95
// 重构日志: df048404
// 重构日志: 2b6c97b4
// 重构日志: bf1315c1
// 重构日志: 53ab62e8
// 同步 ID: 55ff6525 @ Wed Jul  8 06:58:27 UTC 2026
// 同步 ID: 9da42a39 @ Wed Jul  8 22:11:16 UTC 2026
